app/build/intermediates/manifest_merge_blame_file/debug/manifest-merger-blame-debug-report.txt
1<?xml version="1.0" encoding="utf-8"?>
2<manifest xmlns:android="http://schemas.android.com/apk/res/android"
3    package="com.mat.app3"
4    android:versionCode="1"
5    android:versionName="1.0" >
6
7    <uses-sdk
8        android:minSdkVersion="16"
8-->src\main\AndroidManifest.xml
9        android:targetSdkVersion="29" />
9-->src\main\AndroidManifest.xml
10
11    <uses-permission android:name="android.permission.INTERNET" />
11-->[com.google.android.gms:play-services-measurement-api:17.2.1] AndroidManifest.xml:22:5-67
11-->[com.google.android.gms:play-services-measurement-api:17.2.1] AndroidManifest.xml:22:22-64
12    <uses-permission android:name="android.permission.ACCESS_NETWORK_STATE" />
12-->[com.google.android.gms:play-services-measurement-api:17.2.1] AndroidManifest.xml:23:5-79
12-->[com.google.android.gms:play-services-measurement-api:17.2.1] AndroidManifest.xml:23:22-76
13    <uses-permission android:name="android.permission.WAKE_LOCK" /> <!-- Required by older versions of Google Play services to create IID tokens -->
13-->[com.google.android.gms:play-services-measurement-api:17.2.1] AndroidManifest.xml:24:5-68
13-->[com.google.android.gms:play-services-measurement-api:17.2.1] AndroidManifest.xml:24:22-65
14    <uses-permission android:name="com.google.android.c2dm.permission.RECEIVE" />
14-->[com.google.firebase:firebase-iid:19.0.0] AndroidManifest.xml:26:5-82
14-->[com.google.firebase:firebase-iid:19.0.0] AndroidManifest.xml:26:22-79
15    <uses-permission android:name="com.google.android.finsky.permission.BIND_GET_INSTALL_REFERRER_SERVICE" />
15-->[com.google.android.gms:play-services-measurement:17.2.1] AndroidManifest.xml:26:5-110
15-->[com.google.android.gms:play-services-measurement:17.2.1] AndroidManifest.xml:26:22-107
16
17    <application
17-->src\main\AndroidManifest.xml:6:5-48:19
18        android:allowBackup="true"
18-->src\main\AndroidManifest.xml:7:9-35
19        android:appComponentFactory="androidx.core.app.CoreComponentFactory"
19-->[androidx.core:core:1.1.0] AndroidManifest.xml:24:18-86
20        android:debuggable="true"
21        android:icon="@mipmap/ic_launcher"
21-->src\main\AndroidManifest.xml:8:9-43
22        android:label="@string/app_name"
22-->src\main\AndroidManifest.xml:9:9-41
23        android:roundIcon="@mipmap/ic_launcher_round"
23-->src\main\AndroidManifest.xml:10:9-54
24        android:supportsRtl="true"
24-->src\main\AndroidManifest.xml:11:9-35
25        android:testOnly="true"
26        android:theme="@style/AppTheme" >
26-->src\main\AndroidManifest.xml:12:9-40
27        <activity
27-->src\main\AndroidManifest.xml:15:9-19:20
28            android:name="com.mat.app3.views.MainActivity"
28-->src\main\AndroidManifest.xml:15:19-53
29            android:label="@string/app_name"
29-->src\main\AndroidManifest.xml:16:13-45
30            android:theme="@style/AppTheme" >
30-->src\main\AndroidManifest.xml:17:13-44
31        </activity>
32        <activity
32-->src\main\AndroidManifest.xml:21:9-25:20
33            android:name="com.mat.app3.transference.ReportTabbetActivity"
33-->src\main\AndroidManifest.xml:21:19-68
34            android:theme="@style/AppThemeMaterial.NoActionBar" >
34-->src\main\AndroidManifest.xml:22:13-64
35        </activity>
36        <activity
36-->src\main\AndroidManifest.xml:27:9-35:20
37            android:name="com.mat.app3.views.PreloaderActivity"
37-->src\main\AndroidManifest.xml:28:13-52
38            android:theme="@android:style/Theme.NoDisplay" >
38-->src\main\AndroidManifest.xml:29:13-59
39            <intent-filter>
39-->src\main\AndroidManifest.xml:30:13-34:29
40                <action android:name="android.intent.action.MAIN" />
40-->src\main\AndroidManifest.xml:31:17-69
40-->src\main\AndroidManifest.xml:31:25-66
41
42                <category android:name="android.intent.category.LAUNCHER" />
42-->src\main\AndroidManifest.xml:33:17-77
42-->src\main\AndroidManifest.xml:33:27-74
43            </intent-filter>
44        </activity>
45        <activity
45-->src\main\AndroidManifest.xml:37:9-41:11
46            android:name="com.mat.app3.views.LoginActivity"
46-->src\main\AndroidManifest.xml:38:13-48
47            android:theme="@style/AppTheme.NoActionBar"
47-->src\main\AndroidManifest.xml:39:13-56
48            android:windowSoftInputMode="adjustPan" />
48-->src\main\AndroidManifest.xml:40:13-52
49        <activity android:name="com.mat.app3.views.SingUpActivity" />
49-->src\main\AndroidManifest.xml:43:9-67
49-->src\main\AndroidManifest.xml:43:19-55
50        <activity
50-->src\main\AndroidManifest.xml:45:9-47:64
51            android:name="com.mat.app3.views.ForgotPasswordActivity"
51-->src\main\AndroidManifest.xml:46:13-57
52            android:windowSoftInputMode="adjustPan" />
52-->src\main\AndroidManifest.xml:47:13-52
53        <activity
53-->[com.google.firebase:firebase-auth:19.2.0] AndroidManifest.xml:24:9-31:50
54            android:name="com.google.firebase.auth.internal.FederatedSignInActivity"
54-->[com.google.firebase:firebase-auth:19.2.0] AndroidManifest.xml:25:13-85
55            android:excludeFromRecents="true"
55-->[com.google.firebase:firebase-auth:19.2.0] AndroidManifest.xml:26:13-46
56            android:exported="true"
56-->[com.google.firebase:firebase-auth:19.2.0] AndroidManifest.xml:27:13-36
57            android:launchMode="singleTask"
57-->[com.google.firebase:firebase-auth:19.2.0] AndroidManifest.xml:28:13-44
58            android:permission="com.google.firebase.auth.api.gms.permission.LAUNCH_FEDERATED_SIGN_IN"
58-->[com.google.firebase:firebase-auth:19.2.0] AndroidManifest.xml:29:13-102
59            android:theme="@android:style/Theme.Translucent.NoTitleBar" />
59-->[com.google.firebase:firebase-auth:19.2.0] AndroidManifest.xml:30:13-72
60
61        <service
61-->[com.google.firebase:firebase-auth:19.2.0] AndroidManifest.xml:33:9-39:19
62            android:name="com.google.firebase.components.ComponentDiscoveryService"
62-->[com.google.firebase:firebase-auth:19.2.0] AndroidManifest.xml:34:13-84
63            android:directBootAware="true"
63-->[com.google.firebase:firebase-common:19.3.0] AndroidManifest.xml:34:13-43
64            android:exported="false" >
64-->[com.google.firebase:firebase-auth:19.2.0] AndroidManifest.xml:35:13-37
65            <meta-data
65-->[com.google.firebase:firebase-auth:19.2.0] AndroidManifest.xml:36:13-38:85
66                android:name="com.google.firebase.components:com.google.firebase.auth.FirebaseAuthRegistrar"
66-->[com.google.firebase:firebase-auth:19.2.0] AndroidManifest.xml:37:17-109
67                android:value="com.google.firebase.components.ComponentRegistrar" />
67-->[com.google.firebase:firebase-auth:19.2.0] AndroidManifest.xml:38:17-82
68            <meta-data
68-->[com.google.android.gms:play-services-measurement-api:17.2.1] AndroidManifest.xml:30:13-32:85
69                android:name="com.google.firebase.components:com.google.firebase.analytics.connector.internal.AnalyticsConnectorRegistrar"
69-->[com.google.android.gms:play-services-measurement-api:17.2.1] AndroidManifest.xml:31:17-139
70                android:value="com.google.firebase.components.ComponentRegistrar" />
70-->[com.google.android.gms:play-services-measurement-api:17.2.1] AndroidManifest.xml:32:17-82
71            <meta-data
71-->[com.google.firebase:firebase-iid:19.0.0] AndroidManifest.xml:32:13-34:85
72                android:name="com.google.firebase.components:com.google.firebase.iid.Registrar"
72-->[com.google.firebase:firebase-iid:19.0.0] AndroidManifest.xml:33:17-96
73                android:value="com.google.firebase.components.ComponentRegistrar" />
73-->[com.google.firebase:firebase-iid:19.0.0] AndroidManifest.xml:34:17-82
74        </service>
75
76        <activity
76-->[com.google.android.gms:play-services-auth:17.0.0] AndroidManifest.xml:23:9-27:75
77            android:name="com.google.android.gms.auth.api.signin.internal.SignInHubActivity"
77-->[com.google.android.gms:play-services-auth:17.0.0] AndroidManifest.xml:24:13-93
78            android:excludeFromRecents="true"
78-->[com.google.android.gms:play-services-auth:17.0.0] AndroidManifest.xml:25:13-46
79            android:exported="false"
79-->[com.google.android.gms:play-services-auth:17.0.0] AndroidManifest.xml:26:13-37
80            android:theme="@android:style/Theme.Translucent.NoTitleBar" />
80-->[com.google.android.gms:play-services-auth:17.0.0] AndroidManifest.xml:27:13-72
81        <!--
82            Service handling Google Sign-In user revocation. For apps that do not integrate with
83            Google Sign-In, this service will never be started.
84        -->
85        <service
85-->[com.google.android.gms:play-services-auth:17.0.0] AndroidManifest.xml:33:9-36:110
86            android:name="com.google.android.gms.auth.api.signin.RevocationBoundService"
86-->[com.google.android.gms:play-services-auth:17.0.0] AndroidManifest.xml:34:13-89
87            android:exported="true"
87-->[com.google.android.gms:play-services-auth:17.0.0] AndroidManifest.xml:35:13-36
88            android:permission="com.google.android.gms.auth.api.signin.permission.REVOCATION_NOTIFICATION" />
88-->[com.google.android.gms:play-services-auth:17.0.0] AndroidManifest.xml:36:13-107
89        <service
89-->[androidx.room:room-runtime:2.2.0-beta01] AndroidManifest.xml:25:9-27:40
90            android:name="androidx.room.MultiInstanceInvalidationService"
90-->[androidx.room:room-runtime:2.2.0-beta01] AndroidManifest.xml:26:13-74
91            android:exported="false" />
91-->[androidx.room:room-runtime:2.2.0-beta01] AndroidManifest.xml:27:13-37
92
93        <receiver
93-->[com.google.firebase:firebase-iid:19.0.0] AndroidManifest.xml:37:9-44:20
94            android:name="com.google.firebase.iid.FirebaseInstanceIdReceiver"
94-->[com.google.firebase:firebase-iid:19.0.0] AndroidManifest.xml:38:13-78
95            android:exported="true"
95-->[com.google.firebase:firebase-iid:19.0.0] AndroidManifest.xml:39:13-36
96            android:permission="com.google.android.c2dm.permission.SEND" >
96-->[com.google.firebase:firebase-iid:19.0.0] AndroidManifest.xml:40:13-73
97            <intent-filter>
97-->[com.google.firebase:firebase-iid:19.0.0] AndroidManifest.xml:41:13-43:29
98                <action android:name="com.google.android.c2dm.intent.RECEIVE" />
98-->[com.google.firebase:firebase-iid:19.0.0] AndroidManifest.xml:42:17-81
98-->[com.google.firebase:firebase-iid:19.0.0] AndroidManifest.xml:42:25-78
99            </intent-filter>
100        </receiver>
101
102        <activity
102-->[com.google.android.gms:play-services-base:17.1.0] AndroidManifest.xml:23:9-26:75
103            android:name="com.google.android.gms.common.api.GoogleApiActivity"
103-->[com.google.android.gms:play-services-base:17.1.0] AndroidManifest.xml:24:13-79
104            android:exported="false"
104-->[com.google.android.gms:play-services-base:17.1.0] AndroidManifest.xml:25:13-37
105            android:theme="@android:style/Theme.Translucent.NoTitleBar" />
105-->[com.google.android.gms:play-services-base:17.1.0] AndroidManifest.xml:26:13-72
106
107        <receiver
107-->[com.google.android.gms:play-services-measurement:17.2.1] AndroidManifest.xml:29:9-33:20
108            android:name="com.google.android.gms.measurement.AppMeasurementReceiver"
108-->[com.google.android.gms:play-services-measurement:17.2.1] AndroidManifest.xml:30:13-85
109            android:enabled="true"
109-->[com.google.android.gms:play-services-measurement:17.2.1] AndroidManifest.xml:31:13-35
110            android:exported="false" >
110-->[com.google.android.gms:play-services-measurement:17.2.1] AndroidManifest.xml:32:13-37
111        </receiver>
112        <receiver
112-->[com.google.android.gms:play-services-measurement:17.2.1] AndroidManifest.xml:34:9-42:20
113            android:name="com.google.android.gms.measurement.AppMeasurementInstallReferrerReceiver"
113-->[com.google.android.gms:play-services-measurement:17.2.1] AndroidManifest.xml:35:13-100
114            android:enabled="true"
114-->[com.google.android.gms:play-services-measurement:17.2.1] AndroidManifest.xml:36:13-35
115            android:exported="true"
115-->[com.google.android.gms:play-services-measurement:17.2.1] AndroidManifest.xml:37:13-36
116            android:permission="android.permission.INSTALL_PACKAGES" >
116-->[com.google.android.gms:play-services-measurement:17.2.1] AndroidManifest.xml:38:13-69
117            <intent-filter>
117-->[com.google.android.gms:play-services-measurement:17.2.1] AndroidManifest.xml:39:13-41:29
118                <action android:name="com.android.vending.INSTALL_REFERRER" />
118-->[com.google.android.gms:play-services-measurement:17.2.1] AndroidManifest.xml:40:17-79
118-->[com.google.android.gms:play-services-measurement:17.2.1] AndroidManifest.xml:40:25-76
119            </intent-filter>
120        </receiver>
121
122        <service
122-->[com.google.android.gms:play-services-measurement:17.2.1] AndroidManifest.xml:44:9-47:40
123            android:name="com.google.android.gms.measurement.AppMeasurementService"
123-->[com.google.android.gms:play-services-measurement:17.2.1] AndroidManifest.xml:45:13-84
124            android:enabled="true"
124-->[com.google.android.gms:play-services-measurement:17.2.1] AndroidManifest.xml:46:13-35
125            android:exported="false" />
125-->[com.google.android.gms:play-services-measurement:17.2.1] AndroidManifest.xml:47:13-37
126        <service
126-->[com.google.android.gms:play-services-measurement:17.2.1] AndroidManifest.xml:48:9-52:72
127            android:name="com.google.android.gms.measurement.AppMeasurementJobService"
127-->[com.google.android.gms:play-services-measurement:17.2.1] AndroidManifest.xml:49:13-87
128            android:enabled="true"
128-->[com.google.android.gms:play-services-measurement:17.2.1] AndroidManifest.xml:50:13-35
129            android:exported="false"
129-->[com.google.android.gms:play-services-measurement:17.2.1] AndroidManifest.xml:51:13-37
130            android:permission="android.permission.BIND_JOB_SERVICE" />
130-->[com.google.android.gms:play-services-measurement:17.2.1] AndroidManifest.xml:52:13-69
131
132        <provider
132-->[com.google.firebase:firebase-common:19.3.0] AndroidManifest.xml:26:9-30:39
133            android:name="com.google.firebase.provider.FirebaseInitProvider"
133-->[com.google.firebase:firebase-common:19.3.0] AndroidManifest.xml:27:13-77
134            android:authorities="com.mat.app3.firebaseinitprovider"
134-->[com.google.firebase:firebase-common:19.3.0] AndroidManifest.xml:28:13-72
135            android:exported="false"
135-->[com.google.firebase:firebase-common:19.3.0] AndroidManifest.xml:29:13-37
136            android:initOrder="100" />
136-->[com.google.firebase:firebase-common:19.3.0] AndroidManifest.xml:30:13-36
137
138        <meta-data
138-->[com.google.android.gms:play-services-basement:17.0.0] AndroidManifest.xml:23:9-25:69
139            android:name="com.google.android.gms.version"
139-->[com.google.android.gms:play-services-basement:17.0.0] AndroidManifest.xml:24:13-58
140            android:value="@integer/google_play_services_version" />
140-->[com.google.android.gms:play-services-basement:17.0.0] AndroidManifest.xml:25:13-66
141    </application>
142
143</manifest>